生成启动时间为 2018/1/17 星期三 13:47:41。
     1>项目“G:\TrainBooking\TrainBooking.vcxproj”在节点 2 上(Build 个目标)。
     1>ClCompile:
         D:\VC\VC\bin\CL.exe /c /ZI /nologo /W3 /WX- /Od /Oy- /D WIN32 /D _DEBUG /D _CONSOLE /D _VC80_UPGRADE=0x0600 /D _MBCS /Gm /EHsc /RTC1 /MTd /GS /Gy- /fp:precise /Zc:wchar_t /Zc:forScope /Yu"stdafx.h" /Fp".\Debug\TrainBooking.pch" /Fo".\Debug\\" /Fd".\Debug\vc120.pdb" /Gd /TP /analyze- /errorReport:prompt TrainBooking.cpp User.cpp
         User.cpp
     1>g:\trainbooking\utils.h(32): warning C4996: 'getch': The POSIX name for this item is deprecated. Instead, use the ISO C++ conformant name: _getch. See online help for details.
                 d:\vc\vc\include\conio.h(131) : 参见“getch”的声明
         TrainBooking.cpp
     1>g:\trainbooking\utils.h(32): warning C4996: 'getch': The POSIX name for this item is deprecated. Instead, use the ISO C++ conformant name: _getch. See online help for details.
                 d:\vc\vc\include\conio.h(131) : 参见“getch”的声明
         正在生成代码...
     1>g:\trainbooking\trainbooking.cpp(204): warning C4717: “loginSystem”: 如递归所有控件路径，函数将导致运行时堆栈溢出
       Link:
         D:\VC\VC\bin\link.exe /ERRORREPORT:PROMPT /OUT:".\Debug\TrainBooking.exe" /INCREMENTAL /NOLOGO odbc32.lib odbccp32.lib kernel32.lib user32.lib gdi32.lib winspool.lib comdlg32.lib advapi32.lib shell32.lib ole32.lib oleaut32.lib uuid.lib odbc32.lib odbccp32.lib /MANIFEST /MANIFESTUAC:"level='asInvoker' uiAccess='false'" /manifest:embed /DEBUG /PDB:".\Debug\TrainBooking.pdb" /SUBSYSTEM:CONSOLE /TLBID:1 /DYNAMICBASE /NXCOMPAT /IMPLIB:".\Debug\TrainBooking.lib" /MACHINE:X86 /SAFESEH .\Debug\BuyTicket.obj
         .\Debug\change.obj
         .\Debug\dataStatistics.obj
         .\Debug\DataUtils.obj
         .\Debug\menuItem.obj
         .\Debug\StdAfx.obj
         .\Debug\Train.obj
         .\Debug\TrainBooking.obj
         .\Debug\User.obj
         .\Debug\UserDataUtils.obj
         .\Debug\UserMenuItem.obj
         .\Debug\UserTicketIformation.obj
         .\Debug\UserUtils.obj
         .\Debug\Utils.obj
         TrainBooking.vcxproj -> G:\TrainBooking\.\Debug\TrainBooking.exe
     1>已完成生成项目“G:\TrainBooking\TrainBooking.vcxproj”(Build 个目标)的操作。

生成成功。

已用时间 00:00:14.27
