生成启动时间为 2018/1/15 星期一 17:59:41。
     1>项目“D:\TrainBooking\TrainBooking\TrainBooking.vcxproj”在节点 2 上(Build 个目标)。
     1>ClCompile:
         D:\VC\VC\bin\CL.exe /c /ZI /nologo /W3 /WX- /Od /Oy- /D WIN32 /D _DEBUG /D _CONSOLE /D _VC80_UPGRADE=0x0600 /D _MBCS /Gm /EHsc /RTC1 /MTd /GS /Gy- /fp:precise /Zc:wchar_t /Zc:forScope /Yu"stdafx.h" /Fp".\Debug\TrainBooking.pch" /Fo".\Debug\\" /Fd".\Debug\vc120.pdb" /Gd /TP /analyze- /errorReport:prompt DataUtils.cpp
         DataUtils.cpp
     1>d:\trainbooking\trainbooking\datautils.cpp(95): warning C4996: 'localtime': This function or variable may be unsafe. Consider using localtime_s instead. To disable deprecation, use _CRT_SECURE_NO_WARNINGS. See online help for details.
                 d:\vc\vc\include\time.inl(112) : 参见“localtime”的声明
     1>d:\trainbooking\trainbooking\datautils.cpp(96): warning C4996: 'asctime': This function or variable may be unsafe. Consider using asctime_s instead. To disable deprecation, use _CRT_SECURE_NO_WARNINGS. See online help for details.
                 d:\vc\vc\include\time.h(174) : 参见“asctime”的声明
       Link:
         D:\VC\VC\bin\link.exe /ERRORREPORT:PROMPT /OUT:".\Debug\TrainBooking.exe" /INCREMENTAL /NOLOGO odbc32.lib odbccp32.lib kernel32.lib user32.lib gdi32.lib winspool.lib comdlg32.lib advapi32.lib shell32.lib ole32.lib oleaut32.lib uuid.lib odbc32.lib odbccp32.lib /MANIFEST /MANIFESTUAC:"level='asInvoker' uiAccess='false'" /manifest:embed /DEBUG /PDB:".\Debug\TrainBooking.pdb" /SUBSYSTEM:CONSOLE /TLBID:1 /DYNAMICBASE /NXCOMPAT /IMPLIB:".\Debug\TrainBooking.lib" /MACHINE:X86 /SAFESEH .\Debug\BuyTicket.obj
         .\Debug\DataUtils.obj
         .\Debug\menuItem.obj
         .\Debug\StdAfx.obj
         .\Debug\Train.obj
         .\Debug\TrainBooking.obj
         .\Debug\User.obj
         .\Debug\UserDataUtils.obj
         .\Debug\UserMenuItem.obj
         .\Debug\UserTicketIformation.obj
         .\Debug\UserUtils.obj
         .\Debug\Utils.obj
         TrainBooking.vcxproj -> D:\TrainBooking\TrainBooking\.\Debug\TrainBooking.exe
     1>已完成生成项目“D:\TrainBooking\TrainBooking\TrainBooking.vcxproj”(Build 个目标)的操作。

生成成功。

已用时间 00:00:00.72
